d:\documents\visual studio 2017\projects\libstochastic\libstochasticproject\x64\debug\vc141.pdb
d:\documents\visual studio 2017\projects\libstochastic\libstochasticproject\x64\debug\vc141.idb
d:\documents\visual studio 2017\projects\libstochastic\libstochasticproject\x64\debug\mersenne_twister.obj
d:\documents\visual studio 2017\projects\libstochastic\libstochasticproject\x64\debug\gl_utils.obj
d:\documents\visual studio 2017\projects\libstochastic\libstochasticproject\x64\debug\gl_stringarray.obj
d:\documents\visual studio 2017\projects\libstochastic\libstochasticproject\x64\debug\gl_stochastic.obj
d:\documents\visual studio 2017\projects\libstochastic\libstochasticproject\x64\debug\gl_simplematrix.obj
d:\documents\visual studio 2017\projects\libstochastic\libstochasticproject\x64\debug\gl_reactionarray.obj
d:\documents\visual studio 2017\projects\libstochastic\libstochasticproject\x64\debug\gl_reaction.obj
d:\documents\visual studio 2017\projects\libstochastic\libstochasticproject\x64\debug\gl_integerarray.obj
d:\documents\visual studio 2017\projects\libstochastic\libstochasticproject\x64\debug\gl_doublearray.obj
d:\documents\visual studio 2017\projects\libstochastic\x64\debug\libstochastic.lib
d:\documents\visual studio 2017\projects\libstochastic\x64\debug\libstochastic.exp
d:\documents\visual studio 2017\projects\libstochastic\x64\debug\libstochastic.dll
d:\documents\visual studio 2017\projects\libstochastic\x64\debug\libstochastic.ilk
d:\documents\visual studio 2017\projects\libstochastic\x64\debug\libstochastic.pdb
d:\documents\visual studio 2017\projects\libstochastic\libstochasticproject\x64\debug\libstochastic.tlog\cl.command.1.tlog
d:\documents\visual studio 2017\projects\libstochastic\libstochasticproject\x64\debug\libstochastic.tlog\cl.read.1.tlog
d:\documents\visual studio 2017\projects\libstochastic\libstochasticproject\x64\debug\libstochastic.tlog\cl.write.1.tlog
d:\documents\visual studio 2017\projects\libstochastic\libstochasticproject\x64\debug\libstochastic.tlog\libstochastic.write.1u.tlog
d:\documents\visual studio 2017\projects\libstochastic\libstochasticproject\x64\debug\libstochastic.tlog\link.command.1.tlog
d:\documents\visual studio 2017\projects\libstochastic\libstochasticproject\x64\debug\libstochastic.tlog\link.delete.1.tlog
d:\documents\visual studio 2017\projects\libstochastic\libstochasticproject\x64\debug\libstochastic.tlog\link.read.1.tlog
d:\documents\visual studio 2017\projects\libstochastic\libstochasticproject\x64\debug\libstochastic.tlog\link.write.1.tlog
